2020-07-06 13:47:12,527 INFO [org.springframework.test.context.support.DefaultTestContextBootstrapper] - Loaded default TestExecutionListener class names from location [META-INF/spring.factories]: [org.springframework.test.context.web.ServletTestExecutionListener, org.springframework.test.context.support.DirtiesContextBeforeModesTestExecutionListener, org.springframework.test.context.support.DependencyInjectionTestExecutionListener, org.springframework.test.context.support.DirtiesContextTestExecutionListener, org.springframework.test.context.transaction.TransactionalTestExecutionListener, org.springframework.test.context.jdbc.SqlScriptsTestExecutionListener]
2020-07-06 13:47:12,548 INFO [org.springframework.test.context.support.DefaultTestContextBootstrapper] - Using TestExecutionListeners: [org.springframework.test.context.support.DirtiesContextBeforeModesTestExecutionListener@548a9f61, org.springframework.test.context.support.DependencyInjectionTestExecutionListener@1753acfe, org.springframework.test.context.support.DirtiesContextTestExecutionListener@7c16905e, org.springframework.test.context.transaction.TransactionalTestExecutionListener@2a2d45ba, org.springframework.test.context.jdbc.SqlScriptsTestExecutionListener@2a5ca609]
2020-07-06 13:47:12,627 INFO [org.springframework.beans.factory.xml.XmlBeanDefinitionReader] - Loading XML bean definitions from class path resource [spring-context.xml]
2020-07-06 13:47:13,060 INFO [org.springframework.beans.factory.xml.XmlBeanDefinitionReader] - Loading XML bean definitions from class path resource [spring-context-druid.xml]
2020-07-06 13:47:13,083 INFO [org.springframework.beans.factory.xml.XmlBeanDefinitionReader] - Loading XML bean definitions from class path resource [spring-context-mybatis.xml]
2020-07-06 13:47:13,100 INFO [org.springframework.context.support.GenericApplicationContext] - Refreshing org.springframework.context.support.GenericApplicationContext@1e397ed7: startup date [Mon Jul 06 13:47:13 CST 2020]; root of context hierarchy
2020-07-06 13:48:14,042 INFO [com.alibaba.druid.pool.DruidDataSource] - {dataSource-1} inited
2020-07-06 13:48:14,733 INFO [org.springframework.context.support.GenericApplicationContext] - Closing org.springframework.context.support.GenericApplicationContext@1e397ed7: startup date [Mon Jul 06 13:47:13 CST 2020]; root of context hierarchy
2020-07-06 13:48:14,737 INFO [com.alibaba.druid.pool.DruidDataSource] - {dataSource-1} closed
2020-07-06 13:56:38,233 INFO [org.springframework.test.context.support.DefaultTestContextBootstrapper] - Loaded default TestExecutionListener class names from location [META-INF/spring.factories]: [org.springframework.test.context.web.ServletTestExecutionListener, org.springframework.test.context.support.DirtiesContextBeforeModesTestExecutionListener, org.springframework.test.context.support.DependencyInjectionTestExecutionListener, org.springframework.test.context.support.DirtiesContextTestExecutionListener, org.springframework.test.context.transaction.TransactionalTestExecutionListener, org.springframework.test.context.jdbc.SqlScriptsTestExecutionListener]
2020-07-06 13:56:38,250 INFO [org.springframework.test.context.support.DefaultTestContextBootstrapper] - Using TestExecutionListeners: [org.springframework.test.context.support.DirtiesContextBeforeModesTestExecutionListener@548a9f61, org.springframework.test.context.support.DependencyInjectionTestExecutionListener@1753acfe, org.springframework.test.context.support.DirtiesContextTestExecutionListener@7c16905e, org.springframework.test.context.transaction.TransactionalTestExecutionListener@2a2d45ba, org.springframework.test.context.jdbc.SqlScriptsTestExecutionListener@2a5ca609]
2020-07-06 13:56:38,316 INFO [org.springframework.beans.factory.xml.XmlBeanDefinitionReader] - Loading XML bean definitions from class path resource [spring-context.xml]
2020-07-06 13:56:38,497 INFO [org.springframework.beans.factory.xml.XmlBeanDefinitionReader] - Loading XML bean definitions from class path resource [spring-context-druid.xml]
2020-07-06 13:56:38,517 INFO [org.springframework.beans.factory.xml.XmlBeanDefinitionReader] - Loading XML bean definitions from class path resource [spring-context-mybatis.xml]
2020-07-06 13:56:38,529 INFO [org.springframework.context.support.GenericApplicationContext] - Refreshing org.springframework.context.support.GenericApplicationContext@1e397ed7: startup date [Mon Jul 06 13:56:38 CST 2020]; root of context hierarchy
2020-07-06 13:56:39,184 INFO [com.alibaba.druid.pool.DruidDataSource] - {dataSource-1} inited
2020-07-06 13:56:39,606 INFO [org.springframework.context.support.GenericApplicationContext] - Closing org.springframework.context.support.GenericApplicationContext@1e397ed7: startup date [Mon Jul 06 13:56:38 CST 2020]; root of context hierarchy
2020-07-06 13:56:39,610 INFO [com.alibaba.druid.pool.DruidDataSource] - {dataSource-1} closed
2020-07-06 14:01:40,644 INFO [org.springframework.test.context.support.DefaultTestContextBootstrapper] - Loaded default TestExecutionListener class names from location [META-INF/spring.factories]: [org.springframework.test.context.web.ServletTestExecutionListener, org.springframework.test.context.support.DirtiesContextBeforeModesTestExecutionListener, org.springframework.test.context.support.DependencyInjectionTestExecutionListener, org.springframework.test.context.support.DirtiesContextTestExecutionListener, org.springframework.test.context.transaction.TransactionalTestExecutionListener, org.springframework.test.context.jdbc.SqlScriptsTestExecutionListener]
2020-07-06 14:01:40,661 INFO [org.springframework.test.context.support.DefaultTestContextBootstrapper] - Using TestExecutionListeners: [org.springframework.test.context.support.DirtiesContextBeforeModesTestExecutionListener@548a9f61, org.springframework.test.context.support.DependencyInjectionTestExecutionListener@1753acfe, org.springframework.test.context.support.DirtiesContextTestExecutionListener@7c16905e, org.springframework.test.context.transaction.TransactionalTestExecutionListener@2a2d45ba, org.springframework.test.context.jdbc.SqlScriptsTestExecutionListener@2a5ca609]
2020-07-06 14:01:40,729 INFO [org.springframework.beans.factory.xml.XmlBeanDefinitionReader] - Loading XML bean definitions from class path resource [spring-context.xml]
2020-07-06 14:01:40,921 INFO [org.springframework.beans.factory.xml.XmlBeanDefinitionReader] - Loading XML bean definitions from class path resource [spring-context-druid.xml]
2020-07-06 14:01:40,952 INFO [org.springframework.beans.factory.xml.XmlBeanDefinitionReader] - Loading XML bean definitions from class path resource [spring-context-mybatis.xml]
2020-07-06 14:01:40,965 INFO [org.springframework.context.support.GenericApplicationContext] - Refreshing org.springframework.context.support.GenericApplicationContext@1e397ed7: startup date [Mon Jul 06 14:01:40 CST 2020]; root of context hierarchy
2020-07-06 14:01:41,731 INFO [com.alibaba.druid.pool.DruidDataSource] - {dataSource-1} inited
2020-07-06 14:01:42,145 INFO [org.springframework.context.support.GenericApplicationContext] - Closing org.springframework.context.support.GenericApplicationContext@1e397ed7: startup date [Mon Jul 06 14:01:40 CST 2020]; root of context hierarchy
2020-07-06 14:01:42,148 INFO [com.alibaba.druid.pool.DruidDataSource] - {dataSource-1} closed
2020-07-06 14:03:30,884 INFO [org.springframework.test.context.support.DefaultTestContextBootstrapper] - Loaded default TestExecutionListener class names from location [META-INF/spring.factories]: [org.springframework.test.context.web.ServletTestExecutionListener, org.springframework.test.context.support.DirtiesContextBeforeModesTestExecutionListener, org.springframework.test.context.support.DependencyInjectionTestExecutionListener, org.springframework.test.context.support.DirtiesContextTestExecutionListener, org.springframework.test.context.transaction.TransactionalTestExecutionListener, org.springframework.test.context.jdbc.SqlScriptsTestExecutionListener]
2020-07-06 14:03:30,901 INFO [org.springframework.test.context.support.DefaultTestContextBootstrapper] - Using TestExecutionListeners: [org.springframework.test.context.support.DirtiesContextBeforeModesTestExecutionListener@548a9f61, org.springframework.test.context.support.DependencyInjectionTestExecutionListener@1753acfe, org.springframework.test.context.support.DirtiesContextTestExecutionListener@7c16905e, org.springframework.test.context.transaction.TransactionalTestExecutionListener@2a2d45ba, org.springframework.test.context.jdbc.SqlScriptsTestExecutionListener@2a5ca609]
2020-07-06 14:03:30,962 INFO [org.springframework.beans.factory.xml.XmlBeanDefinitionReader] - Loading XML bean definitions from class path resource [spring-context.xml]
2020-07-06 14:03:31,134 INFO [org.springframework.beans.factory.xml.XmlBeanDefinitionReader] - Loading XML bean definitions from class path resource [spring-context-druid.xml]
2020-07-06 14:03:31,154 INFO [org.springframework.beans.factory.xml.XmlBeanDefinitionReader] - Loading XML bean definitions from class path resource [spring-context-mybatis.xml]
2020-07-06 14:03:31,168 INFO [org.springframework.context.support.GenericApplicationContext] - Refreshing org.springframework.context.support.GenericApplicationContext@1e397ed7: startup date [Mon Jul 06 14:03:31 CST 2020]; root of context hierarchy
2020-07-06 14:03:31,846 INFO [com.alibaba.druid.pool.DruidDataSource] - {dataSource-1} inited
2020-07-06 14:03:32,264 INFO [org.springframework.context.support.GenericApplicationContext] - Closing org.springframework.context.support.GenericApplicationContext@1e397ed7: startup date [Mon Jul 06 14:03:31 CST 2020]; root of context hierarchy
2020-07-06 14:03:32,266 INFO [com.alibaba.druid.pool.DruidDataSource] - {dataSource-1} closed
2020-07-06 14:05:44,296 INFO [org.springframework.test.context.support.DefaultTestContextBootstrapper] - Loaded default TestExecutionListener class names from location [META-INF/spring.factories]: [org.springframework.test.context.web.ServletTestExecutionListener, org.springframework.test.context.support.DirtiesContextBeforeModesTestExecutionListener, org.springframework.test.context.support.DependencyInjectionTestExecutionListener, org.springframework.test.context.support.DirtiesContextTestExecutionListener, org.springframework.test.context.transaction.TransactionalTestExecutionListener, org.springframework.test.context.jdbc.SqlScriptsTestExecutionListener]
2020-07-06 14:05:44,313 INFO [org.springframework.test.context.support.DefaultTestContextBootstrapper] - Using TestExecutionListeners: [org.springframework.test.context.support.DirtiesContextBeforeModesTestExecutionListener@548a9f61, org.springframework.test.context.support.DependencyInjectionTestExecutionListener@1753acfe, org.springframework.test.context.support.DirtiesContextTestExecutionListener@7c16905e, org.springframework.test.context.transaction.TransactionalTestExecutionListener@2a2d45ba, org.springframework.test.context.jdbc.SqlScriptsTestExecutionListener@2a5ca609]
2020-07-06 14:05:44,376 INFO [org.springframework.beans.factory.xml.XmlBeanDefinitionReader] - Loading XML bean definitions from class path resource [spring-context.xml]
2020-07-06 14:05:44,553 INFO [org.springframework.beans.factory.xml.XmlBeanDefinitionReader] - Loading XML bean definitions from class path resource [spring-context-druid.xml]
2020-07-06 14:05:44,578 INFO [org.springframework.beans.factory.xml.XmlBeanDefinitionReader] - Loading XML bean definitions from class path resource [spring-context-mybatis.xml]
2020-07-06 14:05:44,591 INFO [org.springframework.context.support.GenericApplicationContext] - Refreshing org.springframework.context.support.GenericApplicationContext@1e397ed7: startup date [Mon Jul 06 14:05:44 CST 2020]; root of context hierarchy
2020-07-06 14:05:45,304 INFO [com.alibaba.druid.pool.DruidDataSource] - {dataSource-1} inited
2020-07-06 14:05:45,709 INFO [org.springframework.context.support.GenericApplicationContext] - Closing org.springframework.context.support.GenericApplicationContext@1e397ed7: startup date [Mon Jul 06 14:05:44 CST 2020]; root of context hierarchy
2020-07-06 14:05:45,712 INFO [com.alibaba.druid.pool.DruidDataSource] - {dataSource-1} closed
2020-07-06 14:06:43,001 INFO [org.springframework.test.context.support.DefaultTestContextBootstrapper] - Loaded default TestExecutionListener class names from location [META-INF/spring.factories]: [org.springframework.test.context.web.ServletTestExecutionListener, org.springframework.test.context.support.DirtiesContextBeforeModesTestExecutionListener, org.springframework.test.context.support.DependencyInjectionTestExecutionListener, org.springframework.test.context.support.DirtiesContextTestExecutionListener, org.springframework.test.context.transaction.TransactionalTestExecutionListener, org.springframework.test.context.jdbc.SqlScriptsTestExecutionListener]
2020-07-06 14:06:43,018 INFO [org.springframework.test.context.support.DefaultTestContextBootstrapper] - Using TestExecutionListeners: [org.springframework.test.context.support.DirtiesContextBeforeModesTestExecutionListener@548a9f61, org.springframework.test.context.support.DependencyInjectionTestExecutionListener@1753acfe, org.springframework.test.context.support.DirtiesContextTestExecutionListener@7c16905e, org.springframework.test.context.transaction.TransactionalTestExecutionListener@2a2d45ba, org.springframework.test.context.jdbc.SqlScriptsTestExecutionListener@2a5ca609]
2020-07-06 14:06:43,078 INFO [org.springframework.beans.factory.xml.XmlBeanDefinitionReader] - Loading XML bean definitions from class path resource [spring-context.xml]
2020-07-06 14:06:43,269 INFO [org.springframework.beans.factory.xml.XmlBeanDefinitionReader] - Loading XML bean definitions from class path resource [spring-context-druid.xml]
2020-07-06 14:06:43,295 INFO [org.springframework.beans.factory.xml.XmlBeanDefinitionReader] - Loading XML bean definitions from class path resource [spring-context-mybatis.xml]
2020-07-06 14:06:43,308 INFO [org.springframework.context.support.GenericApplicationContext] - Refreshing org.springframework.context.support.GenericApplicationContext@1e397ed7: startup date [Mon Jul 06 14:06:43 CST 2020]; root of context hierarchy
2020-07-06 14:06:44,026 INFO [com.alibaba.druid.pool.DruidDataSource] - {dataSource-1} inited
2020-07-06 14:06:44,446 INFO [org.springframework.context.support.GenericApplicationContext] - Closing org.springframework.context.support.GenericApplicationContext@1e397ed7: startup date [Mon Jul 06 14:06:43 CST 2020]; root of context hierarchy
2020-07-06 14:06:44,449 INFO [com.alibaba.druid.pool.DruidDataSource] - {dataSource-1} closed
2020-07-06 14:12:42,291 INFO [org.springframework.test.context.support.DefaultTestContextBootstrapper] - Loaded default TestExecutionListener class names from location [META-INF/spring.factories]: [org.springframework.test.context.web.ServletTestExecutionListener, org.springframework.test.context.support.DirtiesContextBeforeModesTestExecutionListener, org.springframework.test.context.support.DependencyInjectionTestExecutionListener, org.springframework.test.context.support.DirtiesContextTestExecutionListener, org.springframework.test.context.transaction.TransactionalTestExecutionListener, org.springframework.test.context.jdbc.SqlScriptsTestExecutionListener]
2020-07-06 14:12:42,309 INFO [org.springframework.test.context.support.DefaultTestContextBootstrapper] - Using TestExecutionListeners: [org.springframework.test.context.support.DirtiesContextBeforeModesTestExecutionListener@548a9f61, org.springframework.test.context.support.DependencyInjectionTestExecutionListener@1753acfe, org.springframework.test.context.support.DirtiesContextTestExecutionListener@7c16905e, org.springframework.test.context.transaction.TransactionalTestExecutionListener@2a2d45ba, org.springframework.test.context.jdbc.SqlScriptsTestExecutionListener@2a5ca609]
2020-07-06 14:12:42,371 INFO [org.springframework.beans.factory.xml.XmlBeanDefinitionReader] - Loading XML bean definitions from class path resource [spring-context.xml]
2020-07-06 14:12:42,552 INFO [org.springframework.beans.factory.xml.XmlBeanDefinitionReader] - Loading XML bean definitions from class path resource [spring-context-druid.xml]
2020-07-06 14:12:42,576 INFO [org.springframework.beans.factory.xml.XmlBeanDefinitionReader] - Loading XML bean definitions from class path resource [spring-context-mybatis.xml]
2020-07-06 14:12:42,588 INFO [org.springframework.context.support.GenericApplicationContext] - Refreshing org.springframework.context.support.GenericApplicationContext@1e397ed7: startup date [Mon Jul 06 14:12:42 CST 2020]; root of context hierarchy
2020-07-06 14:12:43,285 INFO [com.alibaba.druid.pool.DruidDataSource] - {dataSource-1} inited
2020-07-06 14:12:43,747 INFO [org.springframework.context.support.GenericApplicationContext] - Closing org.springframework.context.support.GenericApplicationContext@1e397ed7: startup date [Mon Jul 06 14:12:42 CST 2020]; root of context hierarchy
2020-07-06 14:12:43,751 INFO [com.alibaba.druid.pool.DruidDataSource] - {dataSource-1} closed
2020-07-06 15:06:10,035 INFO [org.springframework.test.context.support.DefaultTestContextBootstrapper] - Loaded default TestExecutionListener class names from location [META-INF/spring.factories]: [org.springframework.test.context.web.ServletTestExecutionListener, org.springframework.test.context.support.DirtiesContextBeforeModesTestExecutionListener, org.springframework.test.context.support.DependencyInjectionTestExecutionListener, org.springframework.test.context.support.DirtiesContextTestExecutionListener, org.springframework.test.context.transaction.TransactionalTestExecutionListener, org.springframework.test.context.jdbc.SqlScriptsTestExecutionListener]
2020-07-06 15:06:10,054 INFO [org.springframework.test.context.support.DefaultTestContextBootstrapper] - Using TestExecutionListeners: [org.springframework.test.context.support.DirtiesContextBeforeModesTestExecutionListener@548a9f61, org.springframework.test.context.support.DependencyInjectionTestExecutionListener@1753acfe, org.springframework.test.context.support.DirtiesContextTestExecutionListener@7c16905e, org.springframework.test.context.transaction.TransactionalTestExecutionListener@2a2d45ba, org.springframework.test.context.jdbc.SqlScriptsTestExecutionListener@2a5ca609]
2020-07-06 15:06:10,143 INFO [org.springframework.beans.factory.xml.XmlBeanDefinitionReader] - Loading XML bean definitions from class path resource [spring-context.xml]
2020-07-06 15:06:10,385 INFO [org.springframework.beans.factory.xml.XmlBeanDefinitionReader] - Loading XML bean definitions from class path resource [spring-context-druid.xml]
2020-07-06 15:06:10,406 INFO [org.springframework.beans.factory.xml.XmlBeanDefinitionReader] - Loading XML bean definitions from class path resource [spring-context-mybatis.xml]
2020-07-06 15:06:10,425 INFO [org.springframework.context.support.GenericApplicationContext] - Refreshing org.springframework.context.support.GenericApplicationContext@1e397ed7: startup date [Mon Jul 06 15:06:10 CST 2020]; root of context hierarchy
2020-07-06 15:06:11,203 INFO [com.alibaba.druid.pool.DruidDataSource] - {dataSource-1} inited
2020-07-06 15:06:11,729 INFO [org.springframework.context.support.GenericApplicationContext] - Closing org.springframework.context.support.GenericApplicationContext@1e397ed7: startup date [Mon Jul 06 15:06:10 CST 2020]; root of context hierarchy
2020-07-06 15:06:11,734 INFO [com.alibaba.druid.pool.DruidDataSource] - {dataSource-1} closed
2020-07-06 15:11:09,288 INFO [org.springframework.test.context.support.DefaultTestContextBootstrapper] - Loaded default TestExecutionListener class names from location [META-INF/spring.factories]: [org.springframework.test.context.web.ServletTestExecutionListener, org.springframework.test.context.support.DirtiesContextBeforeModesTestExecutionListener, org.springframework.test.context.support.DependencyInjectionTestExecutionListener, org.springframework.test.context.support.DirtiesContextTestExecutionListener, org.springframework.test.context.transaction.TransactionalTestExecutionListener, org.springframework.test.context.jdbc.SqlScriptsTestExecutionListener]
2020-07-06 15:11:09,305 INFO [org.springframework.test.context.support.DefaultTestContextBootstrapper] - Using TestExecutionListeners: [org.springframework.test.context.support.DirtiesContextBeforeModesTestExecutionListener@548a9f61, org.springframework.test.context.support.DependencyInjectionTestExecutionListener@1753acfe, org.springframework.test.context.support.DirtiesContextTestExecutionListener@7c16905e, org.springframework.test.context.transaction.TransactionalTestExecutionListener@2a2d45ba, org.springframework.test.context.jdbc.SqlScriptsTestExecutionListener@2a5ca609]
2020-07-06 15:11:09,380 INFO [org.springframework.beans.factory.xml.XmlBeanDefinitionReader] - Loading XML bean definitions from class path resource [spring-context.xml]
2020-07-06 15:11:09,558 INFO [org.springframework.beans.factory.xml.XmlBeanDefinitionReader] - Loading XML bean definitions from class path resource [spring-context-druid.xml]
2020-07-06 15:11:09,577 INFO [org.springframework.beans.factory.xml.XmlBeanDefinitionReader] - Loading XML bean definitions from class path resource [spring-context-mybatis.xml]
2020-07-06 15:11:09,590 INFO [org.springframework.context.support.GenericApplicationContext] - Refreshing org.springframework.context.support.GenericApplicationContext@1e397ed7: startup date [Mon Jul 06 15:11:09 CST 2020]; root of context hierarchy
2020-07-06 15:11:10,267 INFO [com.alibaba.druid.pool.DruidDataSource] - {dataSource-1} inited
2020-07-06 15:11:10,725 INFO [org.springframework.context.support.GenericApplicationContext] - Closing org.springframework.context.support.GenericApplicationContext@1e397ed7: startup date [Mon Jul 06 15:11:09 CST 2020]; root of context hierarchy
2020-07-06 15:11:10,729 INFO [com.alibaba.druid.pool.DruidDataSource] - {dataSource-1} closed
2020-07-06 15:13:20,135 INFO [org.springframework.test.context.support.DefaultTestContextBootstrapper] - Loaded default TestExecutionListener class names from location [META-INF/spring.factories]: [org.springframework.test.context.web.ServletTestExecutionListener, org.springframework.test.context.support.DirtiesContextBeforeModesTestExecutionListener, org.springframework.test.context.support.DependencyInjectionTestExecutionListener, org.springframework.test.context.support.DirtiesContextTestExecutionListener, org.springframework.test.context.transaction.TransactionalTestExecutionListener, org.springframework.test.context.jdbc.SqlScriptsTestExecutionListener]
2020-07-06 15:13:20,153 INFO [org.springframework.test.context.support.DefaultTestContextBootstrapper] - Using TestExecutionListeners: [org.springframework.test.context.support.DirtiesContextBeforeModesTestExecutionListener@548a9f61, org.springframework.test.context.support.DependencyInjectionTestExecutionListener@1753acfe, org.springframework.test.context.support.DirtiesContextTestExecutionListener@7c16905e, org.springframework.test.context.transaction.TransactionalTestExecutionListener@2a2d45ba, org.springframework.test.context.jdbc.SqlScriptsTestExecutionListener@2a5ca609]
2020-07-06 15:13:20,223 INFO [org.springframework.beans.factory.xml.XmlBeanDefinitionReader] - Loading XML bean definitions from class path resource [spring-context.xml]
2020-07-06 15:13:20,410 INFO [org.springframework.beans.factory.xml.XmlBeanDefinitionReader] - Loading XML bean definitions from class path resource [spring-context-druid.xml]
2020-07-06 15:13:20,429 INFO [org.springframework.beans.factory.xml.XmlBeanDefinitionReader] - Loading XML bean definitions from class path resource [spring-context-mybatis.xml]
2020-07-06 15:13:20,444 INFO [org.springframework.context.support.GenericApplicationContext] - Refreshing org.springframework.context.support.GenericApplicationContext@1e397ed7: startup date [Mon Jul 06 15:13:20 CST 2020]; root of context hierarchy
2020-07-06 15:13:21,193 INFO [com.alibaba.druid.pool.DruidDataSource] - {dataSource-1} inited
2020-07-06 15:13:21,627 INFO [org.springframework.context.support.GenericApplicationContext] - Closing org.springframework.context.support.GenericApplicationContext@1e397ed7: startup date [Mon Jul 06 15:13:20 CST 2020]; root of context hierarchy
2020-07-06 15:13:21,630 INFO [com.alibaba.druid.pool.DruidDataSource] - {dataSource-1} closed
